[2025-09-22 06:47:17] This is codeql database analyze ql-db-py codeql/python-queries --format=sarifv2.1.0 --output codeql-py.sarif --download
[2025-09-22 06:47:17] Log file was started late.
[2025-09-22 06:47:17] [DETAILS] database analyze> Downloading queries...
[2025-09-22 06:47:17] Running plumbing command: codeql pack download --format json --qlconfig-file=/home/guff/LoquiLex/qlconfig.yml -- codeql/python-queries
[2025-09-22 06:47:17] [PROGRESS] pack download> Package specifications to check for download: codeql/python-queries
[2025-09-22 06:47:17] Calling plumbing command: codeql resolve queries --qlconfig-file=/home/guff/LoquiLex/qlconfig.yml --format installedpacks codeql/python-queries
[2025-09-22 06:47:17] Plumbing command codeql resolve queries completed:
                      {
                        "installedPacks" : [
                          "codeql/python-queries@latest"
                        ]
                      }
[2025-09-22 06:47:17] [DETAILS] pack download> Packaging> Requesting package versions of codeql/python-queries from https://ghcr.io/v2/codeql/python-queries/tags/list?n=100
[2025-09-22 06:47:17] [DETAILS] pack download> Packaging> GET Anonymous credentials 'https://ghcr.io/token?scope=repository:codeql/python-queries:pull'
[2025-09-22 06:47:18] [DETAILS] pack download> Packaging> RESPONSE 'HTTP/1.1 200 OK'
[2025-09-22 06:47:18] [DETAILS] pack download> Packaging> Downloading package to '/tmp/codeql-packaging11031154157371467334/.cache/0/codeql/python-queries.tgz'
[2025-09-22 06:47:18] [DETAILS] pack download> Packaging> GET Blob 'https://ghcr.io/v2/codeql/python-queries/blobs/sha256:6c09447343e5fe5ebd5d45d87ae54527bbdcc12e1e2c6973b5c86bbd22a6f46e'
[2025-09-22 06:47:18] [DETAILS] pack download> Packaging> RESPONSE 'HTTP/1.1 200 OK'
[2025-09-22 06:47:18] [DETAILS] pack download> Packaging> Downloading package to '/tmp/codeql-packaging11031154157371467334/.cache/0/codeql/python-queries.tgz'
[2025-09-22 06:47:19] [DETAILS] pack download> Unzipping package to '/home/guff/.codeql/packages/codeql/python-queries/1.6.4'
[2025-09-22 06:47:19] Plumbing command codeql pack download completed.
[2025-09-22 06:47:19] [PROGRESS] database analyze> Running queries.
[2025-09-22 06:47:19] Running plumbing command: codeql database run-queries --evaluator-log-level=5 --warnings=show --qlconfig-file=/home/guff/LoquiLex/qlconfig.yml --dynamic-join-order-mode=none --no-rerun --interpret-passthrough=null,--format=sarifv2.1.0,-o=/home/guff/LoquiLex/codeql-py.sarif,--max-paths=4,--csv-location-format=line-column,--print-diagnostics-summary,--print-metrics-summary,--qlconfig-file=/home/guff/LoquiLex/qlconfig.yml,--,/home/guff/LoquiLex/ql-db-py,codeql/python-queries -- /home/guff/LoquiLex/ql-db-py codeql/python-queries
[2025-09-22 06:47:19] Calling plumbing command: codeql resolve ram --dataset=/home/guff/LoquiLex/ql-db-py/db-python --format=json
[2025-09-22 06:47:19] [PROGRESS] resolve ram> Stringpool size measured as 2523546
[2025-09-22 06:47:19] Plumbing command codeql resolve ram completed:
                      [
                        "-J-Xmx1800M",
                        "--off-heap-ram=1494"
                      ]
[2025-09-22 06:47:19] Chaining via /tmp/codeql.nwD8Q52u to plumbing: execute queries -J-Xmx1800M --off-heap-ram=1494 --verbosity=progress --logdir=/home/guff/LoquiLex/ql-db-py/log --evaluator-log-level=5 --warnings=show --qlconfig-file=/home/guff/LoquiLex/qlconfig.yml --dynamic-join-order-mode=none --no-rerun --interpret-passthrough=null,--format=sarifv2.1.0,-o=/home/guff/LoquiLex/codeql-py.sarif,--max-paths=4,--csv-location-format=line-column,--print-diagnostics-summary,--print-metrics-summary,--qlconfig-file=/home/guff/LoquiLex/qlconfig.yml,--,/home/guff/LoquiLex/ql-db-py,codeql/python-queries --output=/home/guff/LoquiLex/ql-db-py/results -- /home/guff/LoquiLex/ql-db-py/db-python codeql/python-queries
[2025-09-22 06:47:19] Plumbing command codeql database run-queries completed with status 70.
[2025-09-22 06:47:19] Exiting with code 70
